
2023-05-31 09:18:08
generateKey生成密钥对的数据
{"data":["d9f1f9f4ef37ab0a3f56dcd8a0f74c2ccd719d5877ef492a47b21a51fca72cb2","04c8eec65f52fa0b187df4892b2be078a28c8089608440fcf6e2a0ed86817db861f7056348f9548025eba02dee163600acaf59def9ee1979713159c2f227195e55"]}
2023-05-31 09:18:08
sm2Encrypt加密后的数据
{"data":"e27c3780e7069bda7082a23a489d77587ce309583ed99253f66e1d9833ed1a1d0b5ce86dc6714e9974cf258589139d7b1855e8c9fa2f2c1175ee123a95a23e9bb18c3049021c1baad18068bcead198f9ed0b85221c8dee127d626759ed0e46cf6afdbadf8efc"}
2023-05-31 09:18:08
sm2Decrypt解密后的数据
{"data":"123456"}
2023-05-31 09:18:08
进行ksort排序的结果
{"data":{"bankCardNo":"6222620910008201869","crowsourceId":"","idCardNo":"220203199510271516","mobilePhone":"13888888888","platformType":"4","realName":"zhangsan"}}
2023-05-31 09:18:08
ksort后的结果生成的字符串
{"data":"bankCardNo=6222620910008201869crowsourceId=idCardNo=220203199510271516mobilePhone=13888888888platformType=4realName=zhangsan"}
2023-05-31 09:18:08
md5加密前的原始数据
{"data":"bankCardNo=6222620910008201869crowsourceId=idCardNo=220203199510271516mobilePhone=13888888888platformType=4realName=zhangsan\/api\/contract\/v1\/applySign"}
2023-05-31 09:18:08
md5加密后的数据结果
{"data":"9ea587b99b992c8f56ceb5f36537416fBO6NBihKkEeojnLjyoL7fWUrlpSBvWWBrcvjpE\/OlvFDZYeeNI7zWjrwxMn4KuaLyhEM1moZxwq1LtrQpZizes4="}
2023-05-31 09:18:08
sha1加密后的数据结果
{"data":"b0d3232d78cd2fd256a39744249f6bb6c230bf63"}
2023-05-31 09:22:42
generateKey生成密钥对的数据
{"data":["ed9a492d43e356fce04b53ee030b4cf9938cbfb7bde6b859ab1716fbf46cb86b","04fd9fb8cf8c791551336c9b716ffe661df40fd9f02887f18b6f1366edbae58ab86232c477265adb8e4db332b07cc9d051dd5a6ab8880321013ff5f4fbf784ba13"]}
2023-05-31 09:22:42
sm2Encrypt加密后的数据
{"data":"e27c3780e7069bda7082a23a489d77587ce309583ed99253f66e1d9833ed1a1d0b5ce86dc6714e9974cf258589139d7b1855e8c9fa2f2c1175ee123a95a23e9bb18c3049021c1baad18068bcead198f9ed0b85221c8dee127d626759ed0e46cf6afdbadf8efc"}
2023-05-31 09:22:42
sm2Decrypt解密后的数据
{"data":"123456"}
2023-05-31 09:22:42
进行ksort排序的结果
{"data":{"bankCardNo":"6222620910008201869","crowsourceId":"","idCardNo":"220203199510271516","mobilePhone":"13888888888","platformType":"4","realName":"zhangsan"}}
2023-05-31 09:22:42
ksort后的结果生成的字符串
{"data":"bankCardNo=6222620910008201869crowsourceId=idCardNo=220203199510271516mobilePhone=13888888888platformType=4realName=zhangsan"}
2023-05-31 09:22:42
md5加密前的原始数据
{"data":"bankCardNo=6222620910008201869crowsourceId=idCardNo=220203199510271516mobilePhone=13888888888platformType=4realName=zhangsan\/api\/contract\/v1\/applySign"}
2023-05-31 09:22:42
md5加密后的数据结果
{"data":"9ea587b99b992c8f56ceb5f36537416fBO6NBihKkEeojnLjyoL7fWUrlpSBvWWBrcvjpE\/OlvFDZYeeNI7zWjrwxMn4KuaLyhEM1moZxwq1LtrQpZizes4="}
2023-05-31 09:22:42
sha1加密后的数据结果
{"data":"b0d3232d78cd2fd256a39744249f6bb6c230bf63"}
2023-05-31 09:30:37
generateKey生成密钥对的数据
{"data":["0f2e9497cc4466b9dfe47ecd131826ace7fe8e381a547925d7f77a791be5c080","045ad6b33df4a92585b4a64a4f484c0269d981d7073f2f268c26c54a3ba119bd8e6b68e5fb0d8549ad9e75fcec755809a8e2eafe0f01f958dc0faab68d51076108"]}
2023-05-31 09:30:50
generateKey生成密钥对的数据
{"data":["800ec7d19883cbd55e85f4a337154f9884152cb56f83c4806f45300362fcf0d4","048fad36bcc6eacaaf41def849f0b1e7571182b3e0456fa8da990f324670fbb76e578b76a4f17ae5e7d2d5804d858c2d83592c1f5b42bef2e4df986e0a467da18d"]}
2023-05-31 09:39:07
generateKey生成密钥对的数据
{"data":["7e22b50d73e43be519b12c5c15af8291976b2c3409938815374a2b4993a62309","04815b5da680e6a6ea4a25d181de87e93920fa7c33417c9bae58271f31e81dd245a04c3bd497e15d95f4cccfcdcb72a43b62cbc4852f45be5fb408a6216329366c"]}
2023-05-31 09:39:46
generateKey生成密钥对的数据
{"data":["4a234bc1183a0dbb88f275283c0ff4aa5a3794ff117149c520bb7ae35d5598c9","046c4fe745befe0705ba43a14bf9ca10f238ead8ae2e095b6ca9b7cb7c55ff5980987384ca0595992fdaf25211d9b7b7d2e6bc2708c63134d4ab76b2bda1fefcf5"]}
2023-05-31 09:41:39
generateKey生成密钥对的数据
{"data":["8a5b9c7523daa777cd5c074f73d9d251bf70185bcf475792433bdc751824c282","04bbec347cdbb1889dab9a644c6362ced968eee8c285c438e21056bd0a8682a9448b4b89cfd6743c5bb1b691f0e212f90bb864929a7678ccbcd358979f4ac6425e"]}
2023-05-31 09:41:41
sm2Encrypt加密后的数据
{"data":"e27c3780e7069bda7082a23a489d77587ce309583ed99253f66e1d9833ed1a1d0b5ce86dc6714e9974cf258589139d7b1855e8c9fa2f2c1175ee123a95a23e9bb18c3049021c1baad18068bcead198f9ed0b85221c8dee127d626759ed0e46cf6afdbadf8efc"}
2023-05-31 09:41:41
sm2Decrypt解密后的数据
{"data":"123456"}
2023-05-31 09:41:41
进行ksort排序的结果
{"data":{"bankCardNo":"6222620910008201869","crowsourceId":"","idCardNo":"220203199510271516","mobilePhone":"13888888888","platformType":"4","realName":"zhangsan"}}
2023-05-31 09:41:41
ksort后的结果生成的字符串
{"data":"bankCardNo=6222620910008201869crowsourceId=idCardNo=220203199510271516mobilePhone=13888888888platformType=4realName=zhangsan"}
2023-05-31 09:41:41
md5加密前的原始数据
{"data":"bankCardNo=6222620910008201869crowsourceId=idCardNo=220203199510271516mobilePhone=13888888888platformType=4realName=zhangsan\/api\/contract\/v1\/applySign"}
2023-05-31 09:41:41
md5加密后的数据结果
{"data":"9ea587b99b992c8f56ceb5f36537416fBO6NBihKkEeojnLjyoL7fWUrlpSBvWWBrcvjpE\/OlvFDZYeeNI7zWjrwxMn4KuaLyhEM1moZxwq1LtrQpZizes4="}
2023-05-31 09:41:41
sha1加密后的数据结果
{"data":"b0d3232d78cd2fd256a39744249f6bb6c230bf63"}
2023-05-31 09:42:21
generateKey生成密钥对的数据
{"data":["06ecafbed62d4aea88dc3d4e2a3cd3a5f9ce02cabf11f856d6be21847347c310","04907fb90a9636116a8de49fa63d7ce7503ed8bf929ce5e3a5ddd00fadeff5822fe6eee73b2b0d21a420c3b923311c489ab3169e1588b564a1348b48ff8ef9e175"]}
2023-05-31 09:42:22
sm2Encrypt加密后的数据
{"data":"e27c3780e7069bda7082a23a489d77587ce309583ed99253f66e1d9833ed1a1d0b5ce86dc6714e9974cf258589139d7b1855e8c9fa2f2c1175ee123a95a23e9bb18c3049021c1baad18068bcead198f9ed0b85221c8dee127d626759ed0e46cf6afdbadf8efc"}
2023-05-31 09:42:22
sm2Decrypt解密后的数据
{"data":"123456"}
2023-05-31 09:42:22
进行ksort排序的结果
{"data":{"bankCardNo":"6222620910008201869","crowsourceId":"","idCardNo":"220203199510271516","mobilePhone":"13888888888","platformType":"4","realName":"zhangsan"}}
2023-05-31 09:42:22
ksort后的结果生成的字符串
{"data":"bankCardNo=6222620910008201869crowsourceId=idCardNo=220203199510271516mobilePhone=13888888888platformType=4realName=zhangsan"}
2023-05-31 09:42:22
md5加密前的原始数据
{"data":"bankCardNo=6222620910008201869crowsourceId=idCardNo=220203199510271516mobilePhone=13888888888platformType=4realName=zhangsan\/api\/contract\/v1\/applySign"}
2023-05-31 09:42:22
md5加密后的数据结果
{"data":"9ea587b99b992c8f56ceb5f36537416fBO6NBihKkEeojnLjyoL7fWUrlpSBvWWBrcvjpE\/OlvFDZYeeNI7zWjrwxMn4KuaLyhEM1moZxwq1LtrQpZizes4="}
2023-05-31 09:42:22
sha1加密后的数据结果
{"data":"b0d3232d78cd2fd256a39744249f6bb6c230bf63"}
2023-05-31 09:43:18
generateKey生成密钥对的数据
{"data":["a66d4e1d69f72eff14ab04e13ce02e14bd9c65170998173b51f5b99701bcab87","04d22f78e758e1c7d9e4535e465653e617b2eed6a1840d821b487f7bda028cb8e893de6d1eb8c6096b172a74943b530515b56aa252d072e3519c7227e4dcd7ca5d"]}
2023-05-31 09:43:51
generateKey生成密钥对的数据
{"data":["c93bfde276f6cb73a29c4206f22c71455b3a283bf2dc6a310cb3d11441473225","047a392b5e1f83dadee5202aa81b9d9a4d8853daa91efe32dcd55849eae2c726697a395caba5c385986e187adaa09a7b8f88dded898e24f053ad10ed1f46ba29a3"]}
2023-05-31 09:43:51
sm2Encrypt加密后的数据
{"data":"e27c3780e7069bda7082a23a489d77587ce309583ed99253f66e1d9833ed1a1d0b5ce86dc6714e9974cf258589139d7b1855e8c9fa2f2c1175ee123a95a23e9b298e3c1a1bbbabbee691fd8ddfb54930c4a3c366684acc4a6510bc2babfc9f7b0f6594c66482"}
2023-05-31 09:43:51
sm2Decrypt解密后的数据
{"data":"123456"}
2023-05-31 09:43:51
进行ksort排序的结果
{"data":{"bankCardNo":"6222620910008201869","crowsourceId":"","idCardNo":"220203199510271516","mobilePhone":"13888888888","platformType":"4","realName":"zhangsan"}}
2023-05-31 09:43:51
ksort后的结果生成的字符串
{"data":"bankCardNo=6222620910008201869crowsourceId=idCardNo=220203199510271516mobilePhone=13888888888platformType=4realName=zhangsan"}
2023-05-31 09:43:51
md5加密前的原始数据
{"data":"bankCardNo=6222620910008201869crowsourceId=idCardNo=220203199510271516mobilePhone=13888888888platformType=4realName=zhangsan\/api\/contract\/v1\/applySign"}
2023-05-31 09:43:51
md5加密后的数据结果
{"data":"9ea587b99b992c8f56ceb5f36537416fBO6NBihKkEeojnLjyoL7fWUrlpSBvWWBrcvjpE\/OlvFDZYeeNI7zWjrwxMn4KuaLyhEM1moZxwq1LtrQpZizes4="}
2023-05-31 09:43:51
sha1加密后的数据结果
{"data":"b0d3232d78cd2fd256a39744249f6bb6c230bf63"}
2023-05-31 10:22:54
generateKey生成密钥对的数据
{"data":["cb94f75821b87e06c1c2900ff676a79f10b8e638bf8a261b898586cf34cc26f2","04eb6c1b89f93e0cc02804d9729f8dc577106cac5710b7f455861750120ad65d8e2ce2ffda25ae0566eaeab69c759a54d3f4a25c03785e3943a1522c08e20f1a34"]}
2023-05-31 10:22:55
sm2Encrypt加密后的数据
{"data":"e27c3780e7069bda7082a23a489d77587ce309583ed99253f66e1d9833ed1a1d0b5ce86dc6714e9974cf258589139d7b1855e8c9fa2f2c1175ee123a95a23e9bb18c3049021c1baad18068bcead198f9ed0b85221c8dee127d626759ed0e46cf6afdbadf8efc"}
2023-05-31 10:22:55
sm2Decrypt解密后的数据
{"data":"123456"}
2023-05-31 10:22:55
进行ksort排序的结果
{"data":{"bankCardNo":"6222620910008201869","crowsourceId":"","idCardNo":"220203199510271516","mobilePhone":"13888888888","platformType":"4","realName":"zhangsan"}}
2023-05-31 10:22:55
ksort后的结果生成的字符串
{"data":"bankCardNo=6222620910008201869crowsourceId=idCardNo=220203199510271516mobilePhone=13888888888platformType=4realName=zhangsan"}
2023-05-31 10:22:55
md5加密前的原始数据
{"data":"bankCardNo=6222620910008201869crowsourceId=idCardNo=220203199510271516mobilePhone=13888888888platformType=4realName=zhangsan\/api\/contract\/v1\/applySign"}
2023-05-31 10:22:55
md5加密后的数据结果
{"data":"9ea587b99b992c8f56ceb5f36537416fBO6NBihKkEeojnLjyoL7fWUrlpSBvWWBrcvjpE\/OlvFDZYeeNI7zWjrwxMn4KuaLyhEM1moZxwq1LtrQpZizes4="}
2023-05-31 10:22:55
sha1加密后的数据结果
{"data":"b0d3232d78cd2fd256a39744249f6bb6c230bf63"}